-------------------------------------------------------------------------------
Test set: woop.sicredi.domain.SessionVotingTest
-------------------------------------------------------------------------------
Tests run: 7, Failures: 1, Errors: 0, Skipped: 0, Time elapsed: 0.002 s <<< FAILURE! - in woop.sicredi.domain.SessionVotingTest
registerNegativeVote(woop.sicredi.domain.SessionVotingTest)  Time elapsed: 0.001 s  <<< FAILURE!
java.lang.AssertionError: expected:<1> but was:<0>
	at woop.sicredi.domain.SessionVotingTest.registerNegativeVote(SessionVotingTest.java:45)

